03 00 00 00
00 10 02 00
00 20 03 00
00 30 00 80
01 40 00 00
01 51 00 00
01 62 00 00
01 73 00 00
02 81 00 00
03 92 00 00
04 01 00 00
05 00 0c 00
06 00 00 00
07 00 00 00
08 00 00 00
09 a0 00 00
0a b3 00 00
0b 21 00 00
0c 12 00 00
0d 00 00 1f
0e 30 00 0c
0f 00 00 00
05 00 a4 00
00 00 00 00
01 00 00 00
00 00 00 00
00 00 00 00
00 00 00 00
00 00 00 00
00 00 00 00
00 00 00 00
00 00 00 00
00 00 00 00
00 00 00 00
00 00 00 00
00 00 00 00
00 00 00 00
00 00 00 00
00 00 00 00
00 00 00 00
00 00 00 00
00 00 00 00
00 00 00 00
00 00 00 00
00 00 00 00
00 00 00 00
00 00 00 00
00 00 00 00
00 00 00 00
00 00 00 00
00 00 00 00
00 00 00 00
00 00 00 00
00 00 00 00
00 00 00 00
00 00 00 00
00 00 00 00
00 00 00 00
00 00 00 00
00 00 00 00
00 00 00 00
00 00 00 00
00 00 00 00
00 00 00 00
R[0]=0x00000000
R[1]=0x00000002
R[2]=0x00000002
R[3]=0xf8000000
R[4]=0x00000001
R[5]=0x00000002
R[6]=0x00000003
R[7]=0xffff8000
R[8]=0x10000001
R[9]=0x00000000
R[10]=0x00000001
R[11]=0x00008000
R[12]=0x00000000
R[13]=0x00000000
R[14]=0x00000000
R[15]=0x00000000
#INSTRUCTIONS=20
